<?xml version="1.0" encoding="UTF-8"?>
<testsuite xmlns:xsi="http://www.w3.org/2001/XMLSchema-instance" xsi:noNamespaceSchemaLocation="https://maven.apache.org/surefire/maven-surefire-plugin/xsd/surefire-test-report-3.0.xsd" version="3.0" name="com.login.projectModify.com.login.selenium.RunTest" time="14.495" tests="10" errors="0" skipped="8" failures="0">
  <properties>
[...]
</properties>
  <testcase name="Given open Chrome Browser" classname="| abc@gmail.com | password123 |" time="0">
    <skipped/>
    <system-err><![CDATA[Starting ChromeDriver 2.45.615291 (ec3682e3c9061c10f26ea9e5cdcf3c53f3f74387) on port 25576
Only local connections are allowed.
Feb 11, 2019 7:32:54 PM org.openqa.selenium.remote.ProtocolHandshake createSession
INFO: Detected dialect: OSS
]]></system-err>
  </testcase>
  <testcase name="When enter valid &lt;&quot;username&quot;&gt; and &lt;&quot;password&quot;&gt;" classname="| abc@gmail.com | password123 |" time="0">
    <skipped/>
  </testcase>
  <testcase name="Then login successful" classname="| abc@gmail.com | password123 |" time="0">
    <skipped/>
  </testcase>
  <testcase name="| abc@gmail.com | password123 |" classname="| abc@gmail.com | password123 |" time="0">
    <skipped/>
  </testcase>
  <testcase name="| abc@gmail.com | password123 |" classname="| abc@gmail.com | password123 |" time="7.414"/>
  <testcase name="Given open Chrome Browser" classname="| cvf@gmail.com | password123 |" time="0">
    <skipped/>
    <system-err><![CDATA[Starting ChromeDriver 2.45.615291 (ec3682e3c9061c10f26ea9e5cdcf3c53f3f74387) on port 7538
Only local connections are allowed.
Feb 11, 2019 7:33:00 PM org.openqa.selenium.remote.ProtocolHandshake createSession
INFO: Detected dialect: OSS
]]></system-err>
  </testcase>
  <testcase name="When enter valid &lt;&quot;username&quot;&gt; and &lt;&quot;password&quot;&gt;" classname="| cvf@gmail.com | password123 |" time="0">
    <skipped/>
  </testcase>
  <testcase name="Then login successful" classname="| cvf@gmail.com | password123 |" time="0">
    <skipped/>
  </testcase>
  <testcase name="| cvf@gmail.com | password123 |" classname="| cvf@gmail.com | password123 |" time="0">
    <skipped/>
  </testcase>
  <testcase name="| cvf@gmail.com | password123 |" classname="| cvf@gmail.com | password123 |" time="6.52"/>
</testsuite>